<?xml version="1.0" encoding="UTF-8"?>
<!-- Generated by org.testng.reporters.JUnitReportReporter -->
<testsuite hostname="ricardo-PC" name="co.edu.unal.software.arquitectura.evnetos.server.services.dao.LocationDaoTest" tests="1" failures="0" timestamp="9 Apr 2014 20:16:51 GMT" time="0.062" errors="0">
  <testcase name="save" time="0.062" classname="co.edu.unal.software.arquitectura.evnetos.server.services.dao.LocationDaoTest"/>
</testsuite> <!-- co.edu.unal.software.arquitectura.evnetos.server.services.dao.LocationDaoTest -->
