<?xml version="1.0" encoding="UTF-8"?>
<!-- Generated by org.testng.reporters.JUnitReportReporter -->
<testsuite hostname="ricardo-PC" name="co.edu.unal.software.arquitectura.evnetos.server.services.dao.LocationDaoTest" tests="2" failures="0" timestamp="5 May 2014 00:26:26 GMT" time="0.080" errors="0">
  <testcase name="readAllTest" time="0.005" classname="co.edu.unal.software.arquitectura.evnetos.server.services.dao.LocationDaoTest"/>
  <testcase name="save" time="0.075" classname="co.edu.unal.software.arquitectura.evnetos.server.services.dao.LocationDaoTest"/>
</testsuite> <!-- co.edu.unal.software.arquitectura.evnetos.server.services.dao.LocationDaoTest -->
