<?xml version="1.0" encoding="UTF-8"?>
<!-- Generated by org.testng.reporters.JUnitReportReporter -->
<testsuite hostname="ricardo-PC" name="co.edu.unal.software.arquitectura.evnetos.server.services.dao.EventLocationDaoTest" tests="3" failures="0" timestamp="5 May 2014 00:26:13 GMT" time="0.176" errors="0">
  <testcase name="findByLocationTest" time="0.006" classname="co.edu.unal.software.arquitectura.evnetos.server.services.dao.EventLocationDaoTest"/>
  <testcase name="save" time="0.124" classname="co.edu.unal.software.arquitectura.evnetos.server.services.dao.EventLocationDaoTest"/>
  <testcase name="findByLocationAndDateTest" time="0.046" classname="co.edu.unal.software.arquitectura.evnetos.server.services.dao.EventLocationDaoTest"/>
</testsuite> <!-- co.edu.unal.software.arquitectura.evnetos.server.services.dao.EventLocationDaoTest -->
